<?xml version="1.0" encoding="UTF-8"?>
<testsuites name="Ovo" time="108.808" tests="6" failures="0" errors="0">
   <testsuite name="Ovo" tests="6" failures="0" errors="0" time="108.808" skipped="0" timestamp="2023-06-06 23:13:57" hostname="elizabethchan - localhost" id="Test Suites/Ovo">
      <properties>
         <property name="deviceName" value=""/>
         <property name="devicePlatform" value=""/>
         <property name="logFolder" value="/Users/elizabethchan/Downloads/git/Katalon/Reports/20230606_231151/Ovo/20230606_231154"/>
         <property name="logFiles" value="/Users/elizabethchan/Downloads/git/Katalon/Reports/20230606_231151/Ovo/20230606_231154/execution0.log"/>
         <property name="attachments" value="/Users/elizabethchan/Downloads/git/Katalon/Reports/20230606_231151/Ovo/20230606_231154/1686068078193.png, /Users/elizabethchan/Downloads/git/Katalon/Reports/20230606_231151/Ovo/20230606_231154/1686068107192.png"/>
         <property name="hostName" value="elizabethchan - localhost"/>
         <property name="os" value="Mac OS X 64bit"/>
         <property name="katalonVersion" value="8.6.0.208"/>
         <property name="browser" value="Chrome 114.0.0.0"/>
         <property name="hostAddress" value="192.168.0.110"/>
         <property name="sessionId" value="d55d92ac6ed4848b935da193f7a56573"/>
         <property name="seleniumVersion" value="3.141.59"/>
         <property name="proxyInformation" value="ProxyInformation { proxyOption=NO_PROXY, proxyServerType=HTTP, username=, password=********, proxyServerAddress=, proxyServerPort=0, executionList=&quot;&quot;, isApplyToDesiredCapabilities=true }"/>
         <property name="platform" value="Mac OS X"/>
      </properties>
      <testcase name="Test Cases/Ovo/Check About Us Ovo" time="18.514" classname="Test Cases/Ovo/Check About Us Ovo" status="PASSED">
         <system-out><![CDATA[2023-06-06 23:13:57 - [TEST_CASE][PASSED] - Test Cases/Ovo/Check About Us Ovo: Test Cases/Ovo/Check About Us Ovo

2023-06-06 23:13:58 - [TEST_STEP][PASSED] - callTestCase(findTestCase("Ovo/Open Home Menu"), [:], STOP_ON_FAILURE): Call Test Case 'Test Cases/Ovo/Open Home Menu' successfully

2023-06-06 23:13:58 - [TEST_CASE][PASSED] - Test Cases/Ovo/Open Home Menu: Test Cases/Ovo/Open Home Menu

2023-06-06 23:13:58 - [TEST_STEP][PASSED] - openBrowser("https://www.ovo.id/"): Browser is opened with url: 'https://www.ovo.id/'

2023-06-06 23:13:58 - [MESSAGE][INFO] - Starting 'Chrome' driver

2023-06-06 23:13:58 - [MESSAGE][INFO] - Action delay is set to 0 milliseconds

2023-06-06 23:14:08 - [MESSAGE][PASSED] - Browser is opened with url: 'https://www.ovo.id/'

2023-06-06 23:14:08 - [TEST_STEP][PASSED] - verifyElementPresent(findTestObject("OVO/homeMenu"), 0): Object 'Object Repository/OVO/homeMenu' is present

2023-06-06 23:14:08 - [MESSAGE][WARNING] - Timeout '0' is invalid. Using default page load timeout: '30'

2023-06-06 23:14:10 - [MESSAGE][PASSED] - Object 'Object Repository/OVO/homeMenu' is present

2023-06-06 23:14:10 - [TEST_STEP][PASSED] - click(findTestObject("OVO/homeMenu")): Object: 'Object Repository/OVO/homeMenu' is clicked on

2023-06-06 23:14:11 - [MESSAGE][PASSED] - Object: 'Object Repository/OVO/homeMenu' is clicked on

2023-06-06 23:14:11 - [MESSAGE][PASSED] - Call Test Case 'Test Cases/Ovo/Open Home Menu' successfully

2023-06-06 23:14:11 - [TEST_STEP][PASSED] - click(findTestObject("OVO/menu_About Us")): Object: 'Object Repository/OVO/menu_About Us' is clicked on

2023-06-06 23:14:12 - [MESSAGE][PASSED] - Object: 'Object Repository/OVO/menu_About Us' is clicked on

2023-06-06 23:14:12 - [TEST_STEP][PASSED] - verifyElementPresent(findTestObject("OVO/aboutus_title"), 0): Object 'Object Repository/OVO/aboutus_title' is present

2023-06-06 23:14:13 - [MESSAGE][WARNING] - Timeout '0' is invalid. Using default page load timeout: '30'

2023-06-06 23:14:14 - [MESSAGE][PASSED] - Object 'Object Repository/OVO/aboutus_title' is present

2023-06-06 23:14:14 - [TEST_STEP][PASSED] - scrollToElement(findTestObject("OVO/aboutus_section"), 0): Scroll to object 'Object Repository/OVO/aboutus_section' successfully

2023-06-06 23:14:14 - [MESSAGE][WARNING] - Timeout '0' is invalid. Using default page load timeout: '30'

2023-06-06 23:14:16 - [MESSAGE][PASSED] - Scroll to object 'Object Repository/OVO/aboutus_section' successfully]]></system-out>
         <system-err><![CDATA[]]></system-err>
      </testcase>
      <testcase name="Test Cases/Ovo/Check deals ovo" time="9.0" classname="Test Cases/Ovo/Check deals ovo" status="PASSED">
         <system-out><![CDATA[2023-06-06 23:14:16 - [TEST_CASE][PASSED] - Test Cases/Ovo/Check deals ovo: Test Cases/Ovo/Check deals ovo

2023-06-06 23:14:16 - [TEST_STEP][PASSED] - callTestCase(findTestCase("Ovo/Open Home Menu"), [:], STOP_ON_FAILURE): Call Test Case 'Test Cases/Ovo/Open Home Menu' successfully

2023-06-06 23:14:16 - [TEST_CASE][PASSED] - Test Cases/Ovo/Open Home Menu: Test Cases/Ovo/Open Home Menu

2023-06-06 23:14:16 - [TEST_STEP][PASSED] - openBrowser("https://www.ovo.id/"): Browser is opened with url: 'https://www.ovo.id/'

2023-06-06 23:14:16 - [MESSAGE][WARNING] - A browser is already opened. Closing browser and opening a new one

2023-06-06 23:14:16 - [MESSAGE][INFO] - Starting 'Chrome' driver

2023-06-06 23:14:16 - [MESSAGE][INFO] - Action delay is set to 0 milliseconds

2023-06-06 23:14:21 - [MESSAGE][PASSED] - Browser is opened with url: 'https://www.ovo.id/'

2023-06-06 23:14:21 - [TEST_STEP][PASSED] - verifyElementPresent(findTestObject("OVO/homeMenu"), 0): Object 'Object Repository/OVO/homeMenu' is present

2023-06-06 23:14:21 - [MESSAGE][WARNING] - Timeout '0' is invalid. Using default page load timeout: '30'

2023-06-06 23:14:21 - [MESSAGE][PASSED] - Object 'Object Repository/OVO/homeMenu' is present

2023-06-06 23:14:21 - [TEST_STEP][PASSED] - click(findTestObject("OVO/homeMenu")): Object: 'Object Repository/OVO/homeMenu' is clicked on

2023-06-06 23:14:22 - [MESSAGE][PASSED] - Object: 'Object Repository/OVO/homeMenu' is clicked on

2023-06-06 23:14:22 - [MESSAGE][PASSED] - Call Test Case 'Test Cases/Ovo/Open Home Menu' successfully

2023-06-06 23:14:22 - [TEST_STEP][PASSED] - click(findTestObject("OVO/menu_Deals")): Object: 'Object Repository/OVO/menu_Deals' is clicked on

2023-06-06 23:14:24 - [MESSAGE][PASSED] - Object: 'Object Repository/OVO/menu_Deals' is clicked on

2023-06-06 23:14:24 - [TEST_STEP][PASSED] - verifyElementPresent(findTestObject("OVO/title_Deals"), 0): Object 'Object Repository/OVO/title_Deals' is present

2023-06-06 23:14:24 - [MESSAGE][WARNING] - Timeout '0' is invalid. Using default page load timeout: '30'

2023-06-06 23:14:24 - [MESSAGE][PASSED] - Object 'Object Repository/OVO/title_Deals' is present

2023-06-06 23:14:24 - [TEST_STEP][PASSED] - scrollToElement(findTestObject("OVO/section_Deals"), 0): Scroll to object 'Object Repository/OVO/section_Deals' successfully

2023-06-06 23:14:24 - [MESSAGE][WARNING] - Timeout '0' is invalid. Using default page load timeout: '30'

2023-06-06 23:14:25 - [MESSAGE][PASSED] - Scroll to object 'Object Repository/OVO/section_Deals' successfully]]></system-out>
         <system-err><![CDATA[]]></system-err>
      </testcase>
      <testcase name="Test Cases/Ovo/Check feature ovo website" time="13.888" classname="Test Cases/Ovo/Check feature ovo website" status="PASSED">
         <system-out><![CDATA[2023-06-06 23:14:39 - [TEST_CASE][PASSED] - Test Cases/Ovo/Check feature ovo website: Test Cases/Ovo/Check feature ovo website

2023-06-06 23:14:39 - [TEST_STEP][PASSED] - callTestCase(findTestCase("Ovo/Open Home Menu"), [:], STOP_ON_FAILURE): Call Test Case 'Test Cases/Ovo/Open Home Menu' successfully

2023-06-06 23:14:39 - [TEST_CASE][PASSED] - Test Cases/Ovo/Open Home Menu: Test Cases/Ovo/Open Home Menu

2023-06-06 23:14:39 - [TEST_STEP][PASSED] - openBrowser("https://www.ovo.id/"): Browser is opened with url: 'https://www.ovo.id/'

2023-06-06 23:14:39 - [MESSAGE][WARNING] - A browser is already opened. Closing browser and opening a new one

2023-06-06 23:14:39 - [MESSAGE][INFO] - Starting 'Chrome' driver

2023-06-06 23:14:39 - [MESSAGE][INFO] - Action delay is set to 0 milliseconds

2023-06-06 23:14:43 - [MESSAGE][PASSED] - Browser is opened with url: 'https://www.ovo.id/'

2023-06-06 23:14:43 - [TEST_STEP][PASSED] - verifyElementPresent(findTestObject("OVO/homeMenu"), 0): Object 'Object Repository/OVO/homeMenu' is present

2023-06-06 23:14:43 - [MESSAGE][WARNING] - Timeout '0' is invalid. Using default page load timeout: '30'

2023-06-06 23:14:45 - [MESSAGE][PASSED] - Object 'Object Repository/OVO/homeMenu' is present

2023-06-06 23:14:45 - [TEST_STEP][PASSED] - click(findTestObject("OVO/homeMenu")): Object: 'Object Repository/OVO/homeMenu' is clicked on

2023-06-06 23:14:47 - [MESSAGE][PASSED] - Object: 'Object Repository/OVO/homeMenu' is clicked on

2023-06-06 23:14:47 - [MESSAGE][PASSED] - Call Test Case 'Test Cases/Ovo/Open Home Menu' successfully

2023-06-06 23:14:47 - [TEST_STEP][PASSED] - click(findTestObject("OVO/menu_Features")): Object: 'Object Repository/OVO/menu_Features' is clicked on

2023-06-06 23:14:51 - [MESSAGE][PASSED] - Object: 'Object Repository/OVO/menu_Features' is clicked on

2023-06-06 23:14:51 - [TEST_STEP][PASSED] - scrollToElement(findTestObject("OVO/feature_section"), 0): Scroll to object 'Object Repository/OVO/feature_section' successfully

2023-06-06 23:14:51 - [MESSAGE][WARNING] - Timeout '0' is invalid. Using default page load timeout: '30'

2023-06-06 23:14:53 - [MESSAGE][PASSED] - Scroll to object 'Object Repository/OVO/feature_section' successfully]]></system-out>
         <system-err><![CDATA[]]></system-err>
      </testcase>
      <testcase name="Test Cases/Ovo/Check merchant ovo" time="15.96" classname="Test Cases/Ovo/Check merchant ovo" status="PASSED">
         <system-out><![CDATA[2023-06-06 23:15:08 - [TEST_CASE][PASSED] - Test Cases/Ovo/Check merchant ovo: Test Cases/Ovo/Check merchant ovo

2023-06-06 23:15:08 - [TEST_STEP][PASSED] - callTestCase(findTestCase("Ovo/Open Home Menu"), [:], STOP_ON_FAILURE): Call Test Case 'Test Cases/Ovo/Open Home Menu' successfully

2023-06-06 23:15:08 - [TEST_CASE][PASSED] - Test Cases/Ovo/Open Home Menu: Test Cases/Ovo/Open Home Menu

2023-06-06 23:15:08 - [TEST_STEP][PASSED] - openBrowser("https://www.ovo.id/"): Browser is opened with url: 'https://www.ovo.id/'

2023-06-06 23:15:08 - [MESSAGE][WARNING] - A browser is already opened. Closing browser and opening a new one

2023-06-06 23:15:08 - [MESSAGE][INFO] - Starting 'Chrome' driver

2023-06-06 23:15:08 - [MESSAGE][INFO] - Action delay is set to 0 milliseconds

2023-06-06 23:15:13 - [MESSAGE][PASSED] - Browser is opened with url: 'https://www.ovo.id/'

2023-06-06 23:15:13 - [TEST_STEP][PASSED] - verifyElementPresent(findTestObject("OVO/homeMenu"), 0): Object 'Object Repository/OVO/homeMenu' is present

2023-06-06 23:15:13 - [MESSAGE][WARNING] - Timeout '0' is invalid. Using default page load timeout: '30'

2023-06-06 23:15:15 - [MESSAGE][PASSED] - Object 'Object Repository/OVO/homeMenu' is present

2023-06-06 23:15:15 - [TEST_STEP][PASSED] - click(findTestObject("OVO/homeMenu")): Object: 'Object Repository/OVO/homeMenu' is clicked on

2023-06-06 23:15:17 - [MESSAGE][PASSED] - Object: 'Object Repository/OVO/homeMenu' is clicked on

2023-06-06 23:15:17 - [MESSAGE][PASSED] - Call Test Case 'Test Cases/Ovo/Open Home Menu' successfully

2023-06-06 23:15:17 - [TEST_STEP][PASSED] - click(findTestObject("OVO/menu_Merchants")): Object: 'Object Repository/OVO/menu_Merchants' is clicked on

2023-06-06 23:15:20 - [MESSAGE][PASSED] - Object: 'Object Repository/OVO/menu_Merchants' is clicked on

2023-06-06 23:15:20 - [TEST_STEP][PASSED] - verifyElementPresent(findTestObject("OVO/title_Merchants"), 0): Object 'Object Repository/OVO/title_Merchants' is present

2023-06-06 23:15:20 - [MESSAGE][WARNING] - Timeout '0' is invalid. Using default page load timeout: '30'

2023-06-06 23:15:22 - [MESSAGE][PASSED] - Object 'Object Repository/OVO/title_Merchants' is present

2023-06-06 23:15:22 - [TEST_STEP][PASSED] - scrollToElement(findTestObject("OVO/section_Merchants"), 0): Scroll to object 'Object Repository/OVO/section_Merchants' successfully

2023-06-06 23:15:22 - [MESSAGE][WARNING] - Timeout '0' is invalid. Using default page load timeout: '30'

2023-06-06 23:15:24 - [MESSAGE][PASSED] - Scroll to object 'Object Repository/OVO/section_Merchants' successfully]]></system-out>
         <system-err><![CDATA[]]></system-err>
      </testcase>
      <testcase name="Test Cases/Ovo/Check news ovo" time="13.504" classname="Test Cases/Ovo/Check news ovo" status="PASSED">
         <system-out><![CDATA[2023-06-06 23:15:24 - [TEST_CASE][PASSED] - Test Cases/Ovo/Check news ovo: Test Cases/Ovo/Check news ovo

2023-06-06 23:15:24 - [TEST_STEP][PASSED] - callTestCase(findTestCase("Ovo/Open Home Menu"), [:], STOP_ON_FAILURE): Call Test Case 'Test Cases/Ovo/Open Home Menu' successfully

2023-06-06 23:15:24 - [TEST_CASE][PASSED] - Test Cases/Ovo/Open Home Menu: Test Cases/Ovo/Open Home Menu

2023-06-06 23:15:24 - [TEST_STEP][PASSED] - openBrowser("https://www.ovo.id/"): Browser is opened with url: 'https://www.ovo.id/'

2023-06-06 23:15:24 - [MESSAGE][WARNING] - A browser is already opened. Closing browser and opening a new one

2023-06-06 23:15:24 - [MESSAGE][INFO] - Starting 'Chrome' driver

2023-06-06 23:15:24 - [MESSAGE][INFO] - Action delay is set to 0 milliseconds

2023-06-06 23:15:29 - [MESSAGE][PASSED] - Browser is opened with url: 'https://www.ovo.id/'

2023-06-06 23:15:29 - [TEST_STEP][PASSED] - verifyElementPresent(findTestObject("OVO/homeMenu"), 0): Object 'Object Repository/OVO/homeMenu' is present

2023-06-06 23:15:29 - [MESSAGE][WARNING] - Timeout '0' is invalid. Using default page load timeout: '30'

2023-06-06 23:15:31 - [MESSAGE][PASSED] - Object 'Object Repository/OVO/homeMenu' is present

2023-06-06 23:15:31 - [TEST_STEP][PASSED] - click(findTestObject("OVO/homeMenu")): Object: 'Object Repository/OVO/homeMenu' is clicked on

2023-06-06 23:15:33 - [MESSAGE][PASSED] - Object: 'Object Repository/OVO/homeMenu' is clicked on

2023-06-06 23:15:33 - [MESSAGE][PASSED] - Call Test Case 'Test Cases/Ovo/Open Home Menu' successfully

2023-06-06 23:15:33 - [TEST_STEP][PASSED] - click(findTestObject("OVO/menu_News")): Object: 'Object Repository/OVO/menu_News' is clicked on

2023-06-06 23:15:36 - [MESSAGE][PASSED] - Object: 'Object Repository/OVO/menu_News' is clicked on

2023-06-06 23:15:36 - [TEST_STEP][PASSED] - verifyElementPresent(findTestObject("OVO/title_News"), 0): Object 'Object Repository/OVO/title_News' is present

2023-06-06 23:15:36 - [MESSAGE][WARNING] - Timeout '0' is invalid. Using default page load timeout: '30'

2023-06-06 23:15:37 - [MESSAGE][PASSED] - Object 'Object Repository/OVO/title_News' is present

2023-06-06 23:15:37 - [TEST_STEP][PASSED] - scrollToElement(findTestObject("OVO/section_News"), 0): Scroll to object 'Object Repository/OVO/section_News' successfully

2023-06-06 23:15:37 - [MESSAGE][WARNING] - Timeout '0' is invalid. Using default page load timeout: '30'

2023-06-06 23:15:37 - [MESSAGE][PASSED] - Scroll to object 'Object Repository/OVO/section_News' successfully]]></system-out>
         <system-err><![CDATA[]]></system-err>
      </testcase>
      <testcase name="Test Cases/Ovo/Open Home Menu" time="8.514" classname="Test Cases/Ovo/Open Home Menu" status="PASSED">
         <system-out><![CDATA[2023-06-06 23:15:37 - [TEST_CASE][PASSED] - Test Cases/Ovo/Open Home Menu: Test Cases/Ovo/Open Home Menu

2023-06-06 23:15:37 - [TEST_STEP][PASSED] - openBrowser("https://www.ovo.id/"): Browser is opened with url: 'https://www.ovo.id/'

2023-06-06 23:15:37 - [MESSAGE][WARNING] - A browser is already opened. Closing browser and opening a new one

2023-06-06 23:15:37 - [MESSAGE][INFO] - Starting 'Chrome' driver

2023-06-06 23:15:37 - [MESSAGE][INFO] - Action delay is set to 0 milliseconds

2023-06-06 23:15:42 - [MESSAGE][PASSED] - Browser is opened with url: 'https://www.ovo.id/'

2023-06-06 23:15:42 - [TEST_STEP][PASSED] - verifyElementPresent(findTestObject("OVO/homeMenu"), 0): Object 'Object Repository/OVO/homeMenu' is present

2023-06-06 23:15:42 - [MESSAGE][WARNING] - Timeout '0' is invalid. Using default page load timeout: '30'

2023-06-06 23:15:44 - [MESSAGE][PASSED] - Object 'Object Repository/OVO/homeMenu' is present

2023-06-06 23:15:44 - [TEST_STEP][PASSED] - click(findTestObject("OVO/homeMenu")): Object: 'Object Repository/OVO/homeMenu' is clicked on

2023-06-06 23:15:46 - [MESSAGE][PASSED] - Object: 'Object Repository/OVO/homeMenu' is clicked on]]></system-out>
         <system-err><![CDATA[]]></system-err>
      </testcase>
      <system-out><![CDATA[2023-06-06 23:13:57 - [TEST_SUITE][FAILED] - Ovo: Test Cases/Ovo/Check feature ovo website FAILED.
Reason:
com.kms.katalon.core.exception.StepFailedException: Unable to click on object 'Object Repository/OVO/menu_Features'
	at com.kms.katalon.core.webui.keyword.internal.WebUIKeywordMain.stepFailed(WebUIKeywordMain.groovy:64)
	at com.kms.katalon.core.webui.keyword.internal.WebUIKeywordMain.runKeyword(WebUIKeywordMain.groovy:26)
	at com.kms.katalon.core.webui.keyword.builtin.ClickKeyword.click(ClickKeyword.groovy:74)
	at com.kms.katalon.core.webui.keyword.builtin.ClickKeyword.execute(ClickKeyword.groovy:40)
	at com.kms.katalon.core.keyword.internal.KeywordExecutor.executeKeywordForPlatform(KeywordExecutor.groovy:74)
	at com.kms.katalon.core.webui.keyword.WebUiBuiltInKeywords.click(WebUiBuiltInKeywords.groovy:620)
	at com.kms.katalon.core.webui.keyword.WebUiBuiltInKeywords$click$1.call(Unknown Source)
	at Check feature ovo website.run(Check feature ovo website:22)
	at com.kms.katalon.core.main.ScriptEngine.run(ScriptEngine.java:194)
	at com.kms.katalon.core.main.ScriptEngine.runScriptAsRawText(ScriptEngine.java:119)
	at com.kms.katalon.core.main.TestCaseExecutor.runScript(TestCaseExecutor.java:448)
	at com.kms.katalon.core.main.TestCaseExecutor.doExecute(TestCaseExecutor.java:439)
	at com.kms.katalon.core.main.TestCaseExecutor.processExecutionPhase(TestCaseExecutor.java:418)
	at com.kms.katalon.core.main.TestCaseExecutor.accessMainPhase(TestCaseExecutor.java:410)
	at com.kms.katalon.core.main.TestCaseExecutor.execute(TestCaseExecutor.java:285)
	at com.kms.katalon.core.common.CommonExecutor.accessTestCaseMainPhase(CommonExecutor.java:65)
	at com.kms.katalon.core.main.TestSuiteExecutor.accessTestSuiteMainPhase(TestSuiteExecutor.java:148)
	at com.kms.katalon.core.main.TestSuiteExecutor.execute(TestSuiteExecutor.java:106)
	at com.kms.katalon.core.main.TestCaseMain.startTestSuite(TestCaseMain.java:187)
	at com.kms.katalon.core.main.TestCaseMain$startTestSuite$0.call(Unknown Source)
	at TempTestSuite1686067914106.run(TempTestSuite1686067914106.groovy:36)
Caused by: org.openqa.selenium.ElementNotInteractableException: element not interactable
  (Session info: chrome=114.0.5735.106)
Build info: version: '3.141.59', revision: 'e82be7d358', time: '2018-11-14T08:25:53'
System info: host: 'CElizs-MacBook-Pro.local', ip: 'fe80:0:0:0:10a5:87c6:d967:4a0d%en0', os.name: 'Mac OS X', os.arch: 'x86_64', os.version: '10.16', java.version: '1.8.0_275'
Driver info: com.kms.katalon.selenium.driver.CChromeDriver
Capabilities {acceptInsecureCerts: false, browserName: chrome, browserVersion: 114.0.5735.106, chrome: {chromedriverVersion: 113.0.5672.63 (0e1a4471d5ae..., userDataDir: /var/folders/14/zvm394d92zz...}, goog:chromeOptions: {debuggerAddress: localhost:55222}, javascriptEnabled: true, networkConnectionEnabled: false, pageLoadStrategy: normal, platform: MAC, platformName: MAC, proxy: Proxy(), setWindowRect: true, strictFileInteractability: false, timeouts: {implicit: 0, pageLoad: 300000, script: 30000}, unhandledPromptBehavior: dismiss and notify, webauthn:extension:credBlob: true, webauthn:extension:largeBlob: true, webauthn:extension:minPinLength: true, webauthn:extension:prf: true, webauthn:virtualAuthenticators: true}
Session ID: f0951da501affe2f80699e734df351e9
	at org.openqa.selenium.remote.http.W3CHttpResponseCodec.createException(W3CHttpResponseCodec.java:187)
	at org.openqa.selenium.remote.http.W3CHttpResponseCodec.decode(W3CHttpResponseCodec.java:122)
	at org.openqa.selenium.remote.http.W3CHttpResponseCodec.decode(W3CHttpResponseCodec.java:49)
	at org.openqa.selenium.remote.HttpCommandExecutor.execute(HttpCommandExecutor.java:158)
	at org.openqa.selenium.remote.service.DriverCommandExecutor.execute(DriverCommandExecutor.java:83)
	at org.openqa.selenium.remote.RemoteWebDriver.execute(RemoteWebDriver.java:552)
	at com.kms.katalon.selenium.driver.CChromeDriver.execute(CChromeDriver.java:19)
	at org.openqa.selenium.remote.RemoteWebElement.execute(RemoteWebElement.java:285)
	at org.openqa.selenium.remote.RemoteWebElement.click(RemoteWebElement.java:84)
	at org.openqa.selenium.support.events.EventFiringWebDriver$EventFiringWebElement.lambda$new$0(EventFiringWebDriver.java:404)
	at com.sun.proxy.$Proxy11.click(Unknown Source)
	at org.openqa.selenium.support.events.EventFiringWebDriver$EventFiringWebElement.click(EventFiringWebDriver.java:417)
	at org.openqa.selenium.WebElement$click.call(Unknown Source)
	at com.kms.katalon.core.webui.keyword.builtin.ClickKeyword.clickUntilSuccessWithTimeout(ClickKeyword.groovy:81)
	at com.kms.katalon.core.webui.keyword.builtin.ClickKeyword.clickUntilSuccessWithTimeout(ClickKeyword.groovy)
	at com.kms.katalon.core.webui.keyword.builtin.ClickKeyword$_click_closure1.doCall(ClickKeyword.groovy:67)
	at com.kms.katalon.core.webui.keyword.builtin.ClickKeyword$_click_closure1.call(ClickKeyword.groovy)
	at com.kms.katalon.core.webui.keyword.internal.WebUIKeywordMain.runKeyword(WebUIKeywordMain.groovy:20)
	... 19 more]]></system-out>
      <system-err><![CDATA[2023-06-06 23:13:57 - [TEST_SUITE][FAILED] - Ovo: Test Cases/Ovo/Check feature ovo website FAILED.
Reason:
com.kms.katalon.core.exception.StepFailedException: Unable to click on object 'Object Repository/OVO/menu_Features'
	at com.kms.katalon.core.webui.keyword.internal.WebUIKeywordMain.stepFailed(WebUIKeywordMain.groovy:64)
	at com.kms.katalon.core.webui.keyword.internal.WebUIKeywordMain.runKeyword(WebUIKeywordMain.groovy:26)
	at com.kms.katalon.core.webui.keyword.builtin.ClickKeyword.click(ClickKeyword.groovy:74)
	at com.kms.katalon.core.webui.keyword.builtin.ClickKeyword.execute(ClickKeyword.groovy:40)
	at com.kms.katalon.core.keyword.internal.KeywordExecutor.executeKeywordForPlatform(KeywordExecutor.groovy:74)
	at com.kms.katalon.core.webui.keyword.WebUiBuiltInKeywords.click(WebUiBuiltInKeywords.groovy:620)
	at com.kms.katalon.core.webui.keyword.WebUiBuiltInKeywords$click$1.call(Unknown Source)
	at Check feature ovo website.run(Check feature ovo website:22)
	at com.kms.katalon.core.main.ScriptEngine.run(ScriptEngine.java:194)
	at com.kms.katalon.core.main.ScriptEngine.runScriptAsRawText(ScriptEngine.java:119)
	at com.kms.katalon.core.main.TestCaseExecutor.runScript(TestCaseExecutor.java:448)
	at com.kms.katalon.core.main.TestCaseExecutor.doExecute(TestCaseExecutor.java:439)
	at com.kms.katalon.core.main.TestCaseExecutor.processExecutionPhase(TestCaseExecutor.java:418)
	at com.kms.katalon.core.main.TestCaseExecutor.accessMainPhase(TestCaseExecutor.java:410)
	at com.kms.katalon.core.main.TestCaseExecutor.execute(TestCaseExecutor.java:285)
	at com.kms.katalon.core.common.CommonExecutor.accessTestCaseMainPhase(CommonExecutor.java:65)
	at com.kms.katalon.core.main.TestSuiteExecutor.accessTestSuiteMainPhase(TestSuiteExecutor.java:148)
	at com.kms.katalon.core.main.TestSuiteExecutor.execute(TestSuiteExecutor.java:106)
	at com.kms.katalon.core.main.TestCaseMain.startTestSuite(TestCaseMain.java:187)
	at com.kms.katalon.core.main.TestCaseMain$startTestSuite$0.call(Unknown Source)
	at TempTestSuite1686067914106.run(TempTestSuite1686067914106.groovy:36)
Caused by: org.openqa.selenium.ElementNotInteractableException: element not interactable
  (Session info: chrome=114.0.5735.106)
Build info: version: '3.141.59', revision: 'e82be7d358', time: '2018-11-14T08:25:53'
System info: host: 'CElizs-MacBook-Pro.local', ip: 'fe80:0:0:0:10a5:87c6:d967:4a0d%en0', os.name: 'Mac OS X', os.arch: 'x86_64', os.version: '10.16', java.version: '1.8.0_275'
Driver info: com.kms.katalon.selenium.driver.CChromeDriver
Capabilities {acceptInsecureCerts: false, browserName: chrome, browserVersion: 114.0.5735.106, chrome: {chromedriverVersion: 113.0.5672.63 (0e1a4471d5ae..., userDataDir: /var/folders/14/zvm394d92zz...}, goog:chromeOptions: {debuggerAddress: localhost:55222}, javascriptEnabled: true, networkConnectionEnabled: false, pageLoadStrategy: normal, platform: MAC, platformName: MAC, proxy: Proxy(), setWindowRect: true, strictFileInteractability: false, timeouts: {implicit: 0, pageLoad: 300000, script: 30000}, unhandledPromptBehavior: dismiss and notify, webauthn:extension:credBlob: true, webauthn:extension:largeBlob: true, webauthn:extension:minPinLength: true, webauthn:extension:prf: true, webauthn:virtualAuthenticators: true}
Session ID: f0951da501affe2f80699e734df351e9
	at org.openqa.selenium.remote.http.W3CHttpResponseCodec.createException(W3CHttpResponseCodec.java:187)
	at org.openqa.selenium.remote.http.W3CHttpResponseCodec.decode(W3CHttpResponseCodec.java:122)
	at org.openqa.selenium.remote.http.W3CHttpResponseCodec.decode(W3CHttpResponseCodec.java:49)
	at org.openqa.selenium.remote.HttpCommandExecutor.execute(HttpCommandExecutor.java:158)
	at org.openqa.selenium.remote.service.DriverCommandExecutor.execute(DriverCommandExecutor.java:83)
	at org.openqa.selenium.remote.RemoteWebDriver.execute(RemoteWebDriver.java:552)
	at com.kms.katalon.selenium.driver.CChromeDriver.execute(CChromeDriver.java:19)
	at org.openqa.selenium.remote.RemoteWebElement.execute(RemoteWebElement.java:285)
	at org.openqa.selenium.remote.RemoteWebElement.click(RemoteWebElement.java:84)
	at org.openqa.selenium.support.events.EventFiringWebDriver$EventFiringWebElement.lambda$new$0(EventFiringWebDriver.java:404)
	at com.sun.proxy.$Proxy11.click(Unknown Source)
	at org.openqa.selenium.support.events.EventFiringWebDriver$EventFiringWebElement.click(EventFiringWebDriver.java:417)
	at org.openqa.selenium.WebElement$click.call(Unknown Source)
	at com.kms.katalon.core.webui.keyword.builtin.ClickKeyword.clickUntilSuccessWithTimeout(ClickKeyword.groovy:81)
	at com.kms.katalon.core.webui.keyword.builtin.ClickKeyword.clickUntilSuccessWithTimeout(ClickKeyword.groovy)
	at com.kms.katalon.core.webui.keyword.builtin.ClickKeyword$_click_closure1.doCall(ClickKeyword.groovy:67)
	at com.kms.katalon.core.webui.keyword.builtin.ClickKeyword$_click_closure1.call(ClickKeyword.groovy)
	at com.kms.katalon.core.webui.keyword.internal.WebUIKeywordMain.runKeyword(WebUIKeywordMain.groovy:20)
	... 19 more]]></system-err>
   </testsuite>
</testsuites>
